<?xml version="1.0" encoding="UTF-8"?>
<!-- Generated by org.testng.reporters.JUnitXMLReporter -->
<testsuite ignored="8" hostname="LAPTOP-NVUVQA1O" failures="0" tests="5" name="Test" time="144.758" errors="0" timestamp="2022-07-27T10:30:23 IST">
  <testcase classname="com.Vtiger.Testcases.TC_01_CreateOrganizationTest" name="createorgtest" time="14.53"/>
  <testcase classname="com.Vtiger.Testcases.TC_02_VerifyorgcreatedTest" name="verifyorgcreated" time="19.528"/>
  <testcase classname="com.Vtiger.Testcases.TC_03_CreateOrg_DeleteTest" name="createOrgdeletetest" time="25.224"/>
  <testcase classname="com.Vtiger.Testcases.TC_04_CreateCamppageTest" name="createCampaignTest" time="12.983"/>
  <testcase classname="com.Vtiger.Testcases.TC_05_DeleteCampaignTest" name="deletecamoaigntest" time="18.254"/>
  <testcase classname="com.PomClasses.BaseClass" name="@AfterSuite disconnectFromDB" time="0.0">
    <ignored/>
  </testcase> <!-- @AfterSuite disconnectFromDB -->
  <testcase classname="com.PomClasses.BaseClass" name="@AfterSuite disconnectFromDB" time="0.0">
    <ignored/>
  </testcase> <!-- @AfterSuite disconnectFromDB -->
  <testcase classname="com.PomClasses.BaseClass" name="@AfterSuite disconnectFromDB" time="0.0">
    <ignored/>
  </testcase> <!-- @AfterSuite disconnectFromDB -->
  <testcase classname="com.PomClasses.BaseClass" name="@AfterSuite disconnectFromDB" time="0.0">
    <ignored/>
  </testcase> <!-- @AfterSuite disconnectFromDB -->
  <testcase classname="com.PomClasses.BaseClass" name="@BeforeSuite connectToDB" time="0.0">
    <ignored/>
  </testcase> <!-- @BeforeSuite connectToDB -->
  <testcase classname="com.PomClasses.BaseClass" name="@BeforeSuite connectToDB" time="0.0">
    <ignored/>
  </testcase> <!-- @BeforeSuite connectToDB -->
  <testcase classname="com.PomClasses.BaseClass" name="@BeforeSuite connectToDB" time="0.0">
    <ignored/>
  </testcase> <!-- @BeforeSuite connectToDB -->
  <testcase classname="com.PomClasses.BaseClass" name="@BeforeSuite connectToDB" time="0.0">
    <ignored/>
  </testcase> <!-- @BeforeSuite connectToDB -->
</testsuite> <!-- Test -->
