<?xml version="1.0" encoding="UTF-8"?>
<testng-results ignored="8" total="13" passed="5" failed="0" skipped="0">
  <reporter-output>
  </reporter-output>
  <suite started-at="2022-07-27T10:27:58 IST" name="Suite" finished-at="2022-07-27T10:30:23 IST" duration-ms="144758">
    <groups>
    </groups>
    <test started-at="2022-07-27T10:27:58 IST" name="Test" finished-at="2022-07-27T10:30:23 IST" duration-ms="144758">
      <class name="com.Vtiger.Testcases.TC_01_CreateOrganizationTest">
        <test-method is-config="true" signature="connectToDB()[pri:0, instance:com.Vtiger.Testcases.TC_01_CreateOrganizationTest@5b8dfcc1]" started-at="2022-07-27T10:27:58 IST" name="connectToDB" finished-at="2022-07-27T10:27:58 IST" duration-ms="7" status="PASS">
          <reporter-output>
          </reporter-output>
        </test-method> <!-- connectToDB -->
        <test-method is-config="true" signature="launchBrowser()[pri:0, instance:com.Vtiger.Testcases.TC_01_CreateOrganizationTest@5b8dfcc1]" started-at="2022-07-27T10:27:58 IST" name="launchBrowser" finished-at="2022-07-27T10:28:02 IST" duration-ms="3573" status="PASS">
          <reporter-output>
          </reporter-output>
        </test-method> <!-- launchBrowser -->
        <test-method is-config="true" signature="logIn()[pri:0, instance:com.Vtiger.Testcases.TC_01_CreateOrganizationTest@5b8dfcc1]" started-at="2022-07-27T10:28:02 IST" name="logIn" finished-at="2022-07-27T10:28:06 IST" duration-ms="3893" status="PASS">
          <reporter-output>
          </reporter-output>
        </test-method> <!-- logIn -->
        <test-method signature="createorgtest()[pri:0, instance:com.Vtiger.Testcases.TC_01_CreateOrganizationTest@5b8dfcc1]" started-at="2022-07-27T10:28:06 IST" name="createorgtest" finished-at="2022-07-27T10:28:20 IST" duration-ms="14530" status="PASS">
          <reporter-output>
          </reporter-output>
        </test-method> <!-- createorgtest -->
        <test-method is-config="true" signature="logOut()[pri:0, instance:com.Vtiger.Testcases.TC_01_CreateOrganizationTest@5b8dfcc1]" started-at="2022-07-27T10:28:20 IST" name="logOut" finished-at="2022-07-27T10:28:25 IST" duration-ms="5222" status="PASS">
          <reporter-output>
          </reporter-output>
        </test-method> <!-- logOut -->
        <test-method is-config="true" signature="closeBrowser()[pri:0, instance:com.Vtiger.Testcases.TC_01_CreateOrganizationTest@5b8dfcc1]" started-at="2022-07-27T10:28:25 IST" name="closeBrowser" finished-at="2022-07-27T10:28:26 IST" duration-ms="96" status="PASS">
          <reporter-output>
          </reporter-output>
        </test-method> <!-- closeBrowser -->
        <test-method is-config="true" signature="disconnectFromDB()[pri:0, instance:com.Vtiger.Testcases.TC_01_CreateOrganizationTest@5b8dfcc1]" started-at="2022-07-27T10:30:23 IST" name="disconnectFromDB" finished-at="2022-07-27T10:30:23 IST" duration-ms="0" status="PASS">
          <reporter-output>
          </reporter-output>
        </test-method> <!-- disconnectFromDB -->
      </class> <!-- com.Vtiger.Testcases.TC_01_CreateOrganizationTest -->
      <class name="com.Vtiger.Testcases.TC_03_CreateOrg_DeleteTest">
        <test-method is-config="true" signature="launchBrowser()[pri:0, instance:com.Vtiger.Testcases.TC_03_CreateOrg_DeleteTest@42a48628]" started-at="2022-07-27T10:28:54 IST" name="launchBrowser" finished-at="2022-07-27T10:28:56 IST" duration-ms="2124" status="PASS">
          <reporter-output>
          </reporter-output>
        </test-method> <!-- launchBrowser -->
        <test-method is-config="true" signature="logIn()[pri:0, instance:com.Vtiger.Testcases.TC_03_CreateOrg_DeleteTest@42a48628]" started-at="2022-07-27T10:28:56 IST" name="logIn" finished-at="2022-07-27T10:29:00 IST" duration-ms="4002" status="PASS">
          <reporter-output>
          </reporter-output>
        </test-method> <!-- logIn -->
        <test-method signature="createOrgdeletetest()[pri:0, instance:com.Vtiger.Testcases.TC_03_CreateOrg_DeleteTest@42a48628]" started-at="2022-07-27T10:29:00 IST" name="createOrgdeletetest" finished-at="2022-07-27T10:29:25 IST" duration-ms="25224" status="PASS">
          <reporter-output>
          </reporter-output>
        </test-method> <!-- createOrgdeletetest -->
        <test-method is-config="true" signature="logOut()[pri:0, instance:com.Vtiger.Testcases.TC_03_CreateOrg_DeleteTest@42a48628]" started-at="2022-07-27T10:29:25 IST" name="logOut" finished-at="2022-07-27T10:29:28 IST" duration-ms="2635" status="PASS">
          <reporter-output>
          </reporter-output>
        </test-method> <!-- logOut -->
        <test-method is-config="true" signature="closeBrowser()[pri:0, instance:com.Vtiger.Testcases.TC_03_CreateOrg_DeleteTest@42a48628]" started-at="2022-07-27T10:29:28 IST" name="closeBrowser" finished-at="2022-07-27T10:29:28 IST" duration-ms="93" status="PASS">
          <reporter-output>
          </reporter-output>
        </test-method> <!-- closeBrowser -->
      </class> <!-- com.Vtiger.Testcases.TC_03_CreateOrg_DeleteTest -->
      <class name="com.Vtiger.Testcases.TC_02_VerifyorgcreatedTest">
        <test-method is-config="true" signature="launchBrowser()[pri:0, instance:com.Vtiger.Testcases.TC_02_VerifyorgcreatedTest@130d63be]" started-at="2022-07-27T10:28:26 IST" name="launchBrowser" finished-at="2022-07-27T10:28:28 IST" duration-ms="2125" status="PASS">
          <reporter-output>
          </reporter-output>
        </test-method> <!-- launchBrowser -->
        <test-method is-config="true" signature="logIn()[pri:0, instance:com.Vtiger.Testcases.TC_02_VerifyorgcreatedTest@130d63be]" started-at="2022-07-27T10:28:28 IST" name="logIn" finished-at="2022-07-27T10:28:32 IST" duration-ms="4280" status="PASS">
          <reporter-output>
          </reporter-output>
        </test-method> <!-- logIn -->
        <test-method signature="verifyorgcreated()[pri:0, instance:com.Vtiger.Testcases.TC_02_VerifyorgcreatedTest@130d63be]" started-at="2022-07-27T10:28:32 IST" name="verifyorgcreated" finished-at="2022-07-27T10:28:51 IST" duration-ms="19528" status="PASS">
          <reporter-output>
          </reporter-output>
        </test-method> <!-- verifyorgcreated -->
        <test-method is-config="true" signature="logOut()[pri:0, instance:com.Vtiger.Testcases.TC_02_VerifyorgcreatedTest@130d63be]" started-at="2022-07-27T10:28:51 IST" name="logOut" finished-at="2022-07-27T10:28:54 IST" duration-ms="2286" status="PASS">
          <reporter-output>
          </reporter-output>
        </test-method> <!-- logOut -->
        <test-method is-config="true" signature="closeBrowser()[pri:0, instance:com.Vtiger.Testcases.TC_02_VerifyorgcreatedTest@130d63be]" started-at="2022-07-27T10:28:54 IST" name="closeBrowser" finished-at="2022-07-27T10:28:54 IST" duration-ms="96" status="PASS">
          <reporter-output>
          </reporter-output>
        </test-method> <!-- closeBrowser -->
      </class> <!-- com.Vtiger.Testcases.TC_02_VerifyorgcreatedTest -->
      <class name="com.Vtiger.Testcases.TC_05_DeleteCampaignTest">
        <test-method is-config="true" signature="launchBrowser()[pri:0, instance:com.Vtiger.Testcases.TC_05_DeleteCampaignTest@6aeb35e6]" started-at="2022-07-27T10:29:51 IST" name="launchBrowser" finished-at="2022-07-27T10:29:53 IST" duration-ms="2256" status="PASS">
          <reporter-output>
          </reporter-output>
        </test-method> <!-- launchBrowser -->
        <test-method is-config="true" signature="logIn()[pri:0, instance:com.Vtiger.Testcases.TC_05_DeleteCampaignTest@6aeb35e6]" started-at="2022-07-27T10:29:53 IST" name="logIn" finished-at="2022-07-27T10:29:57 IST" duration-ms="4278" status="PASS">
          <reporter-output>
          </reporter-output>
        </test-method> <!-- logIn -->
        <test-method signature="deletecamoaigntest()[pri:0, instance:com.Vtiger.Testcases.TC_05_DeleteCampaignTest@6aeb35e6]" started-at="2022-07-27T10:29:57 IST" name="deletecamoaigntest" finished-at="2022-07-27T10:30:15 IST" duration-ms="18254" status="PASS">
          <reporter-output>
          </reporter-output>
        </test-method> <!-- deletecamoaigntest -->
        <test-method is-config="true" signature="logOut()[pri:0, instance:com.Vtiger.Testcases.TC_05_DeleteCampaignTest@6aeb35e6]" started-at="2022-07-27T10:30:15 IST" name="logOut" finished-at="2022-07-27T10:30:18 IST" duration-ms="3068" status="PASS">
          <reporter-output>
          </reporter-output>
        </test-method> <!-- logOut -->
        <test-method is-config="true" signature="closeBrowser()[pri:0, instance:com.Vtiger.Testcases.TC_05_DeleteCampaignTest@6aeb35e6]" started-at="2022-07-27T10:30:18 IST" name="closeBrowser" finished-at="2022-07-27T10:30:23 IST" duration-ms="4148" status="PASS">
          <reporter-output>
          </reporter-output>
        </test-method> <!-- closeBrowser -->
      </class> <!-- com.Vtiger.Testcases.TC_05_DeleteCampaignTest -->
      <class name="com.Vtiger.Testcases.TC_04_CreateCamppageTest">
        <test-method is-config="true" signature="launchBrowser()[pri:0, instance:com.Vtiger.Testcases.TC_04_CreateCamppageTest@293a5bf6]" started-at="2022-07-27T10:29:28 IST" name="launchBrowser" finished-at="2022-07-27T10:29:30 IST" duration-ms="2267" status="PASS">
          <reporter-output>
          </reporter-output>
        </test-method> <!-- launchBrowser -->
        <test-method is-config="true" signature="logIn()[pri:0, instance:com.Vtiger.Testcases.TC_04_CreateCamppageTest@293a5bf6]" started-at="2022-07-27T10:29:30 IST" name="logIn" finished-at="2022-07-27T10:29:35 IST" duration-ms="4823" status="PASS">
          <reporter-output>
          </reporter-output>
        </test-method> <!-- logIn -->
        <test-method signature="createCampaignTest()[pri:0, instance:com.Vtiger.Testcases.TC_04_CreateCamppageTest@293a5bf6]" started-at="2022-07-27T10:29:35 IST" name="createCampaignTest" finished-at="2022-07-27T10:29:48 IST" duration-ms="12983" status="PASS">
          <reporter-output>
          </reporter-output>
        </test-method> <!-- createCampaignTest -->
        <test-method is-config="true" signature="logOut()[pri:0, instance:com.Vtiger.Testcases.TC_04_CreateCamppageTest@293a5bf6]" started-at="2022-07-27T10:29:48 IST" name="logOut" finished-at="2022-07-27T10:29:50 IST" duration-ms="2490" status="PASS">
          <reporter-output>
          </reporter-output>
        </test-method> <!-- logOut -->
        <test-method is-config="true" signature="closeBrowser()[pri:0, instance:com.Vtiger.Testcases.TC_04_CreateCamppageTest@293a5bf6]" started-at="2022-07-27T10:29:50 IST" name="closeBrowser" finished-at="2022-07-27T10:29:51 IST" duration-ms="84" status="PASS">
          <reporter-output>
          </reporter-output>
        </test-method> <!-- closeBrowser -->
      </class> <!-- com.Vtiger.Testcases.TC_04_CreateCamppageTest -->
    </test> <!-- Test -->
  </suite> <!-- Suite -->
</testng-results>
