<?xml version="1.0" encoding="UTF-8"?>
<testng-results ignored="0" total="1" passed="1" failed="0" skipped="0">
  <reporter-output>
  </reporter-output>
  <suite started-at="2022-08-02T15:13:19 IST" name="Default suite" finished-at="2022-08-02T15:13:54 IST" duration-ms="34876">
    <groups>
      <group name="Smoke">
        <method signature="TC_01_CreateOrganizationTest.createorgtest()[pri:0, instance:com.Vtiger.Testcases.TC_01_CreateOrganizationTest@4686afc2]" name="createorgtest" class="com.Vtiger.Testcases.TC_01_CreateOrganizationTest"/>
      </group> <!-- Smoke -->
    </groups>
    <test started-at="2022-08-02T15:13:19 IST" name="Default test" finished-at="2022-08-02T15:13:54 IST" duration-ms="34876">
      <class name="com.Vtiger.Testcases.TC_01_CreateOrganizationTest">
        <test-method is-config="true" signature="connectToDB()[pri:0, instance:com.Vtiger.Testcases.TC_01_CreateOrganizationTest@4686afc2]" started-at="2022-08-02T15:13:19 IST" name="connectToDB" finished-at="2022-08-02T15:13:19 IST" duration-ms="6" status="PASS">
          <reporter-output>
          </reporter-output>
        </test-method> <!-- connectToDB -->
        <test-method is-config="true" signature="launchBrowser()[pri:0, instance:com.Vtiger.Testcases.TC_01_CreateOrganizationTest@4686afc2]" started-at="2022-08-02T15:13:19 IST" name="launchBrowser" finished-at="2022-08-02T15:13:24 IST" duration-ms="5054" status="PASS">
          <reporter-output>
          </reporter-output>
        </test-method> <!-- launchBrowser -->
        <test-method is-config="true" signature="logIn()[pri:0, instance:com.Vtiger.Testcases.TC_01_CreateOrganizationTest@4686afc2]" started-at="2022-08-02T15:13:24 IST" name="logIn" finished-at="2022-08-02T15:13:28 IST" duration-ms="4262" status="PASS">
          <reporter-output>
          </reporter-output>
        </test-method> <!-- logIn -->
        <test-method signature="createorgtest()[pri:0, instance:com.Vtiger.Testcases.TC_01_CreateOrganizationTest@4686afc2]" started-at="2022-08-02T15:13:28 IST" name="createorgtest" finished-at="2022-08-02T15:13:49 IST" duration-ms="20201" status="PASS">
          <reporter-output>
          </reporter-output>
        </test-method> <!-- createorgtest -->
        <test-method is-config="true" signature="logOut()[pri:0, instance:com.Vtiger.Testcases.TC_01_CreateOrganizationTest@4686afc2]" started-at="2022-08-02T15:13:49 IST" name="logOut" finished-at="2022-08-02T15:13:53 IST" duration-ms="4885" status="PASS">
          <reporter-output>
          </reporter-output>
        </test-method> <!-- logOut -->
        <test-method is-config="true" signature="closeBrowser()[pri:0, instance:com.Vtiger.Testcases.TC_01_CreateOrganizationTest@4686afc2]" started-at="2022-08-02T15:13:53 IST" name="closeBrowser" finished-at="2022-08-02T15:13:54 IST" duration-ms="82" status="PASS">
          <reporter-output>
          </reporter-output>
        </test-method> <!-- closeBrowser -->
        <test-method is-config="true" signature="disconnectFromDB()[pri:0, instance:com.Vtiger.Testcases.TC_01_CreateOrganizationTest@4686afc2]" started-at="2022-08-02T15:13:54 IST" name="disconnectFromDB" finished-at="2022-08-02T15:13:54 IST" duration-ms="0" status="PASS">
          <reporter-output>
          </reporter-output>
        </test-method> <!-- disconnectFromDB -->
      </class> <!-- com.Vtiger.Testcases.TC_01_CreateOrganizationTest -->
    </test> <!-- Default test -->
  </suite> <!-- Default suite -->
</testng-results>
